make all --print-data-base --no-builtin-variables --no-builtin-rules --question
# GNU Make 4.3
# Built for x86_64-pc-linux-gnu
# Copyright (C) 1988-2020 Free Software Foundation, Inc.
# License GPLv3+: GNU GPL version 3 or later <http://gnu.org/licenses/gpl.html>
# This is free software: you are free to change and redistribute it.
# There is NO WARRANTY, to the extent permitted by law.

# Make data base, printed on Wed May 25 01:32:08 2022

# Variables

# environment
JAVA_HOME = /usr/lib/jvm/default-java
# environment
LC_ALL = C
# environment
STARSHIP_SESSION_KEY = 1133323736165841
# environment
VSCODE_CWD = /home/cole
# default
MAKE_COMMAND := make
# environment
VSCODE_HANDLES_SIGPIPE = true
# automatic
@D = $(patsubst %/,%,$(dir $@))
# environment
VSCODE_HANDLES_UNCAUGHT_ERRORS = true
# default
.VARIABLES := 
# environment
PWD = /home/cole/X/Research/TestBench
# automatic
%D = $(patsubst %/,%,$(dir $%))
# environment
XDG_DATA_DIRS = /usr/share/gnome:/usr/local/share:/usr/share:/var/lib/snapd/desktop
# environment
OLDPWD = /home/cole/.vscode-server/bin/c3511e6c69bb39013c4a4b7b9566ec1ca73fc4d5
# automatic
^D = $(patsubst %/,%,$(dir $^))
# environment
VSCODE_LOG_STACK = false
# automatic
%F = $(notdir $%)
# environment
LANG = C
# default
.LOADED := 
# default
.INCLUDE_DIRS = /usr/local/include /usr/include /usr/include
# makefile
MAKEFLAGS = pqrR
# makefile
CURDIR := /home/cole/X/Research/TestBench
# environment
VSCODE_PIPE_LOGGING = true
# environment
APPLICATION_INSIGHTS_NO_DIAGNOSTIC_CHANNEL = 1
# environment
LESSOPEN = | /usr/bin/lesspipe %s
# automatic
*D = $(patsubst %/,%,$(dir $*))
# environment
MFLAGS = -pqrR
# default
.SHELLFLAGS := -c
# automatic
+D = $(patsubst %/,%,$(dir $+))
# makefile
MAKEFILE_LIST := 
# automatic
@F = $(notdir $@)
# environment
VSCODE_VERBOSE_LOGGING = true
# environment
XDG_SESSION_TYPE = tty
# automatic
?D = $(patsubst %/,%,$(dir $?))
# automatic
*F = $(notdir $*)
# environment
DBUS_SESSION_BUS_ADDRESS = unix:path=/run/user/1000/bus
# automatic
<D = $(patsubst %/,%,$(dir $<))
# environment
VSCODE_NLS_CONFIG = {"locale":"en","availableLanguages":{}}
# default
MAKE_HOST := x86_64-pc-linux-gnu
# makefile
SHELL = /bin/sh
# default
MAKECMDGOALS := all
# environment
PLATFORMIO_CALLER = vscode
# environment
SHLVL = 0
# environment
MAKELEVEL := 0
# default
MAKE = $(MAKE_COMMAND)
# environment
PATH = /home/cole/.vscode-server/bin/c3511e6c69bb39013c4a4b7b9566ec1ca73fc4d5/bin/remote-cli:/home/cole/.local/bin:/opt/maven/bin:/usr/local/sbin:/usr/local/bin:/usr/sbin:/usr/bin:/sbin:/bin:/usr/games:/usr/local/games:/snap/bin:/home/cole/arduino-cli/bin
# default
MAKEFILES := 
# environment
LANGUAGE = en_CA:en
# environment
MOTD_SHOWN = pam
# automatic
^F = $(notdir $^)
# environment
SSH_CLIENT = 192.168.1.4 51417 22
# environment
VSCODE_LOG_NATIVE = false
# environment
LESSCLOSE = /usr/bin/lesspipe %s %s
# automatic
?F = $(notdir $?)
# environment
NO_PROXY = 127.0.0.1
# environment
LS_COLORS = 
# automatic
+F = $(notdir $+)
# environment
MAVEN_HOME = /opt/maven
# 'override' directive
GNUMAKEFLAGS := 
# environment
BROWSER = /home/cole/.vscode-server/bin/c3511e6c69bb39013c4a4b7b9566ec1ca73fc4d5/bin/helpers/browser.sh
# environment
LOGNAME = cole
# environment
PLATFORMIO_PATH = /home/cole/.platformio/python3/bin:/home/cole/.vscode-server/bin/c3511e6c69bb39013c4a4b7b9566ec1ca73fc4d5/bin/remote-cli:/home/cole/.local/bin:/opt/maven/bin:/usr/local/sbin:/usr/local/bin:/usr/sbin:/usr/bin:/sbin:/bin:/usr/games:/usr/local/games:/snap/bin:/home/cole/arduino-cli/bin
# makefile
.DEFAULT_GOAL := 
# environment
USER = cole
# default
MAKE_VERSION := 4.3
# environment
VSCODE_EXTHOST_WILL_SEND_SOCKET = true
# environment
STARSHIP_SHELL = bash
# environment
VSCODE_AGENT_FOLDER = /home/cole/.vscode-server
# environment
_ = /home/cole/.vscode-server/bin/c3511e6c69bb39013c4a4b7b9566ec1ca73fc4d5/node
# environment
XDG_RUNTIME_DIR = /run/user/1000
# environment
VSCODE_IPC_HOOK_CLI = /run/user/1000/vscode-ipc-f4c2e0c7-1920-4269-b9bd-cfb4fff75819.sock
# environment
M2_HOME = /opt/maven
# environment
XDG_SESSION_CLASS = user
# environment
VSCODE_AMD_ENTRYPOINT = vs/workbench/api/node/extensionHostProcess
# environment
PLATFORMIO_IDE = 2.4.3
# environment
HOME = /home/cole
# environment
XDG_SESSION_ID = 344
# default
.RECIPEPREFIX := 
# automatic
<F = $(notdir $<)
# default
SUFFIXES := 
# default
.FEATURES := target-specific order-only second-expansion else-if shortest-stem undefine oneshell nocomment grouped-target extra-prereqs archives jobserver output-sync check-symlink load
# environment
SSH_CONNECTION = 192.168.1.4 51417 192.168.1.5 22
# variable set hash-table stats:
# Load=81/1024=8%, Rehash=0, Collisions=3/108=3%

# Pattern-specific Variable Values

# No pattern-specific variable values.

# Directories

# . (device 2050, inode 6164092): 15 files, no impossibilities.

# 15 files, no impossibilities in 1 directories.

# Implicit Rules

# No implicit rules.

# Files

# Not a target:
Makefile:
#  Implicit rule search has been done.
#  File does not exist.
#  File has been updated.
#  Failed to be updated.

# Not a target:
.DEFAULT:
#  Implicit rule search has not been done.
#  Modification time never checked.
#  File has not been updated.

# Not a target:
all:
#  Command line target.
#  Implicit rule search has been done.
#  File does not exist.
#  File has not been updated.

# Not a target:
makefile:
#  Implicit rule search has been done.
#  File does not exist.
#  File has been updated.
#  Failed to be updated.

# Not a target:
GNUmakefile:
#  Implicit rule search has been done.
#  File does not exist.
#  File has been updated.
#  Failed to be updated.

# files hash-table stats:
# Load=6/1024=1%, Rehash=0, Collisions=0/15=0%
# VPATH Search Paths

# No 'vpath' search paths.

# No general ('VPATH' variable) search path.

# strcache buffers: 1 (0) / strings = 23 / storage = 195 B / avg = 8 B
# current buf: size = 8162 B / used = 195 B / count = 23 / avg = 8 B

# strcache performance: lookups = 26 / hit rate = 11%
# hash-table stats:
# Load=23/8192=0%, Rehash=0, Collisions=0/26=0%
# Finished Make data base on Wed May 25 01:32:08 2022

 
make: *** No rule to make target 'all'.  Stop.

